[debug] [2019-04-25T06:00:27.517Z] ----------------------------------------------------------------------
[debug] [2019-04-25T06:00:27.520Z] Command:       C:\Program Files\nodejs\node.exe C:\Users\James\AppData\Roaming\npm\node_modules\firebase-tools\lib\bin\firebase.js serve
[debug] [2019-04-25T06:00:27.520Z] CLI Version:   6.3.1
[debug] [2019-04-25T06:00:27.520Z] Platform:      win32
[debug] [2019-04-25T06:00:27.520Z] Node Version:  v10.13.0
[debug] [2019-04-25T06:00:27.521Z] Time:          Thu Apr 25 2019 13:00:27 GMT+0700 (Western Indonesia Time)
[debug] [2019-04-25T06:00:27.521Z] ----------------------------------------------------------------------
[debug] 
[debug] [2019-04-25T06:00:27.529Z] > command requires scopes: ["email","openid","https://www.googleapis.com/auth/cloudplatformprojects.readonly","https://www.googleapis.com/auth/firebase","https://www.googleapis.com/auth/cloud-platform"]
[debug] [2019-04-25T06:00:27.529Z] > authorizing via signed-in user
[debug] [2019-04-25T06:00:27.529Z] [iam] checking project myjadytrack for permissions ["firebase.projects.get"]
[debug] [2019-04-25T06:00:27.531Z] >>> HTTP REQUEST POST https://cloudresourcemanager.googleapis.com/v1/projects/myjadytrack:testIamPermissions  

[debug] [2019-04-25T06:00:36.632Z] <<< HTTP RESPONSE 200
[debug] [2019-04-25T06:00:36.633Z] >>> HTTP REQUEST GET https://cloudresourcemanager.googleapis.com/v1/projects/myjadytrack  
 
[debug] [2019-04-25T06:00:45.108Z] <<< HTTP RESPONSE 200
[info] 
[info] === Serving from 'D:\Programming\FirebaseJames\jadyFirebase'...
[info] 
[debug] [2019-04-25T06:00:45.115Z] >>> HTTP REQUEST GET https://mobilesdk-pa.googleapis.com/v1/projects/302386485893/clients/_:getWebAppConfig  
 
[debug] [2019-04-25T06:00:51.428Z] <<< HTTP RESPONSE 200
[info] i  hosting: Serving hosting files from: public
[info] +  hosting: Local server: http://localhost:5000
